Arguments: 
  C:\Program Files\nodejs\node.exe C:\Program Files (x86)\Yarn\bin\yarn.js add body-parser cors clodinary express express-fileupload

PATH: 
  C:\Program Files (x86)\Common Files\Intel\Shared Libraries\redist\intel64\compiler;C:\WINDOWS\system32;C:\WINDOWS;C:\WINDOWS\System32\Wbem;C:\WINDOWS\System32\WindowsPowerShell\v1.0\;C:\WINDOWS\System32\OpenSSH\;C:\Program Files\Docker\Docker\resources\bin;C:\ProgramData\DockerDesktop\version-bin;C:\Program Files\Git\cmd;C:\ProgramData\chocolatey\bin;C:\Program Files (x86)\Yarn\bin\;C:\Users\Akinkunmi\AppData\Local\Programs\Python\Python39\Scripts\;C:\Users\Akinkunmi\AppData\Local\Programs\Python\Python39\;C:\Users\Akinkunmi\AppData\Local\Microsoft\WindowsApps;C:\Users\Akinkunmi\AppData\Local\Programs\Microsoft VS Code\bin;C:\Users\Akinkunmi\AppData\Local\JetBrains\PyCharm Community Edition 2021.2.2\bin;C:\Users\Akinkunmi\AppData\Local\GitHubDesktop\bin;C:\Users\Akinkunmi\AppData\Local\Yarn\bin;C:\Users\Akinkunmi\AppData\Roaming\npm;C:\adb;C:\Strawberry\perl\bin;C:\Strawberry\perl\site\bin;C:\Strawberry\c\bin;C:\Program Files\nodejs\;C:\Program Files\Microsoft SQL Server\150\Tools\Binn\;C:\Program Files\Microsoft SQL Server\Client SDK\ODBC\170\Tools\Binn\;C:\Program Files\dotnet\;C:\Users\Akinkunmi\AppData\Local\activestate\cache\bin;C:\Users\Akinkunmi\AppData\Local\ActiveState\StateTool\release;C:\Program Files\heroku\bin;C:\Program Files\mongosh\;C:\Users\Akinkunmi\.dotnet\tools

Yarn version: 
  1.23.0-20200615.1913

Node version: 
  16.14.0

Platform: 
  win32 x64

Trace: 
  Error: https://registry.yarnpkg.com/clodinary: Not found
      at Request.params.callback [as _callback] (C:\Program Files (x86)\Yarn\lib\cli.js:66097:18)
      at Request.self.callback (C:\Program Files (x86)\Yarn\lib\cli.js:140749:22)
      at Request.emit (node:events:520:28)
      at Request.<anonymous> (C:\Program Files (x86)\Yarn\lib\cli.js:141721:10)
      at Request.emit (node:events:520:28)
      at IncomingMessage.<anonymous> (C:\Program Files (x86)\Yarn\lib\cli.js:141643:12)
      at Object.onceWrapper (node:events:639:28)
      at IncomingMessage.emit (node:events:532:35)
      at endReadableNT (node:internal/streams/readable:1346:12)
      at processTicksAndRejections (node:internal/process/task_queues:83:21)

npm manifest: 
  {
    "name": "upload-files-to-cloudinary",
    "version": "1.0.0",
    "main": "index.js",
    "repository": "https://github.com/bossoncode/upload-files-to-cloudinary",
    "author": "Akinkunmi <akinkunmiisrael41@gmail.com>",
    "license": "MIT"
  }

yarn manifest: 
  No manifest

Lockfile: 
  No lockfile
